<?xml version="1.0" encoding="UTF-8"?>
<!-- Generated by org.testng.reporters.JUnitXMLReporter -->
<testsuite hostname="LAPTOP-1IPAD3CB" ignored="1" name="Test One" tests="17" failures="2" timestamp="2020-06-12T11:38:50 CDT" time="11.797" errors="0">
  <testcase name="createNewEmployee" time="2.965" classname="dataDrivenTesting.DataDriven_AddNewEmp"/>
  <testcase name="createNewEmployee" time="0.457" classname="dataDrivenTesting.DataDriven_AddNewEmp"/>
  <testcase name="createNewEmployee" time="0.511" classname="dataDrivenTesting.DataDriven_AddNewEmp"/>
  <testcase name="checkContentEncoding" time="0.003" classname="com.mastercard.mdcc.employee.testcases.TC001_Get_All_Employees"/>
  <testcase name="checkContentLength" time="0.004" classname="com.mastercard.mdcc.employee.testcases.TC001_Get_All_Employees"/>
  <testcase name="checkCookies" time="0.003" classname="com.mastercard.mdcc.employee.testcases.TC001_Get_All_Employees"/>
  <testcase name="checkResponseBody" time="0.006" classname="com.mastercard.mdcc.employee.testcases.TC001_Get_All_Employees"/>
  <testcase name="checkResponseCode" time="0.003" classname="com.mastercard.mdcc.employee.testcases.TC001_Get_All_Employees"/>
  <testcase name="checkResponseTime" time="0.004" classname="com.mastercard.mdcc.employee.testcases.TC001_Get_All_Employees"/>
  <testcase name="parseJsonResponse" time="0.958" classname="com.mastercard.mdcc.employee.testcases.TC003_POST_EmployeeRecord"/>
  <testcase name="verifyHeaderContentEncoding" time="0.005" classname="com.mastercard.mdcc.employee.testcases.TC003_POST_EmployeeRecord">
    <failure type="junit.framework.ComparisonFailure" message="Header Content-Encoding in the Response is:  expected:&amp;lt;gzip&amp;gt; but was:&amp;lt;null&amp;gt;">
      <![CDATA[junit.framework.ComparisonFailure: Header Content-Encoding in the Response is:  expected:<gzip> but was:<null>
at junit.framework.Assert.assertEquals(Assert.java:81)
at com.mastercard.mdcc.employee.testcases.TC003_POST_EmployeeRecord.verifyHeaderContentEncoding(TC003_POST_EmployeeRecord.java:82)
at java.util.ArrayList.forEach(ArrayList.java:1257)
... Removed 27 stack frames]]>
    </failure>
  </testcase> <!-- verifyHeaderContentEncoding -->
  <testcase name="verifyHeaderContentType" time="0.014" classname="com.mastercard.mdcc.employee.testcases.TC003_POST_EmployeeRecord">
    <failure type="junit.framework.ComparisonFailure" message="Header ContentType in the Response is:  expected:&amp;lt;text/html; charset=iso-8859-1&amp;gt; but was:&amp;lt;application/json;charset=utf-8&amp;gt;">
      <![CDATA[junit.framework.ComparisonFailure: Header ContentType in the Response is:  expected:<text/html; charset=iso-8859-1> but was:<application/json;charset=utf-8>
at junit.framework.Assert.assertEquals(Assert.java:81)
at com.mastercard.mdcc.employee.testcases.TC003_POST_EmployeeRecord.verifyHeaderContentType(TC003_POST_EmployeeRecord.java:76)
at java.util.ArrayList.forEach(ArrayList.java:1257)
... Removed 27 stack frames]]>
    </failure>
  </testcase> <!-- verifyHeaderContentType -->
  <testcase name="verifyHeaderServer" time="0.007" classname="com.mastercard.mdcc.employee.testcases.TC003_POST_EmployeeRecord"/>
  <testcase name="verifyResponseBody" time="0.019" classname="com.mastercard.mdcc.employee.testcases.TC003_POST_EmployeeRecord"/>
  <testcase name="verifyStatusCode" time="0.001" classname="com.mastercard.mdcc.employee.testcases.TC003_POST_EmployeeRecord"/>
  <testcase name="modifyEmployeeRecord" time="0.005" classname="com.mastercard.mdcc.employee.testcases.TC004_PUT_EmployeeRecord"/>
  <testcase name="checkResponseCode" time="0.006" classname="com.mastercard.mdcc.employee.testcases.TC005_Delet_EmployeeRecord"/>
  <testcase name="verifyStatusLine" time="0.0" classname="com.mastercard.mdcc.employee.testcases.TC003_POST_EmployeeRecord">
    <ignored/>
  </testcase> <!-- verifyStatusLine -->
</testsuite> <!-- Test One -->
